<?xml version="1.0" encoding="UTF-8"?>
<!-- Generated by org.testng.reporters.JUnitReportReporter -->
<testsuite skipped="0" hostname="DESKTOP-KSNI89N" name="Test1" tests="1" failures="0" timestamp="14 Sep 2018 10:38:45 GMT" time="24.218" errors="0">
  <testcase name="exe" time="24.218" classname="Test1"/>
</testsuite> <!-- Test1 -->
