<?xml version="1.0" encoding="UTF-8"?>
<!-- Generated by org.testng.reporters.JUnitReportReporter -->
<testsuite skipped="0" hostname="DESKTOP-KSNI89N" name="Example.Test1" tests="1" failures="0" timestamp="14 Sep 2018 11:11:44 GMT" time="7.953" errors="0">
  <testcase name="exe" time="7.953" classname="Example.Test1"/>
</testsuite> <!-- Example.Test1 -->
